# JRE version: Java(TM) SE Runtime Environment (7.0_67-b01) (build 1.7.0_67-b01)
# Java VM: Java HotSpot(TM) 64-Bit Server VM (24.65-b04 mixed mode linux-amd64 compressed oops)
Heap
 PSYoungGen      total 27136K, used 1520K [0x00000000f0900000, 0x00000000f2500000, 0x0000000100000000)
  eden space 25600K, 0% used [0x00000000f0900000,0x00000000f0900000,0x00000000f2200000)
  from space 1536K, 98% used [0x00000000f2200000,0x00000000f237c030,0x00000000f2380000)
  to   space 1536K, 0% used [0x00000000f2380000,0x00000000f2380000,0x00000000f2500000)
 ParOldGen       total 129024K, used 105802K [0x00000000d1c00000, 0x00000000d9a00000, 0x00000000f0900000)
  object space 129024K, 82% used [0x00000000d1c00000,0x00000000d8352808,0x00000000d9a00000)
 PSPermGen       total 21504K, used 11229K [0x00000000cca00000, 0x00000000cdf00000, 0x00000000d1c00000)
  object space 21504K, 52% used [0x00000000cca00000,0x00000000cd4f76b8,0x00000000cdf00000)
GC Heap History (9 events):
Event: 3.861 GC heap before
{Heap before GC invocations=1 (full 0):
 PSYoungGen      total 14336K, used 12800K [0x00000000f0900000, 0x00000000f1880000, 0x0000000100000000)
  eden space 12800K, 100% used [0x00000000f0900000,0x00000000f1580000,0x00000000f1580000)
  from space 1536K, 0% used [0x00000000f1700000,0x00000000f1700000,0x00000000f1880000)
  to   space 1536K, 0% used [0x00000000f1580000,0x00000000f1580000,0x00000000f1700000)
 ParOldGen       total 31232K, used 0K [0x00000000d1c00000, 0x00000000d3a80000, 0x00000000f0900000)
  object space 31232K, 0% used [0x00000000d1c00000,0x00000000d1c00000,0x00000000d3a80000)
 PSPermGen       total 21504K, used 7451K [0x00000000cca00000, 0x00000000cdf00000, 0x00000000d1c00000)
  object space 21504K, 34% used [0x00000000cca00000,0x00000000cd146e78,0x00000000cdf00000)
Event: 3.869 GC heap after
Heap after GC invocations=1 (full 0):
 PSYoungGen      total 14336K, used 1531K [0x00000000f0900000, 0x00000000f1880000, 0x0000000100000000)
  eden space 12800K, 0% used [0x00000000f0900000,0x00000000f0900000,0x00000000f1580000)
  from space 1536K, 99% used [0x00000000f1580000,0x00000000f16fef60,0x00000000f1700000)
  to   space 1536K, 0% used [0x00000000f1700000,0x00000000f1700000,0x00000000f1880000)
 ParOldGen       total 31232K, used 927K [0x00000000d1c00000, 0x00000000d3a80000, 0x00000000f0900000)
  object space 31232K, 2% used [0x00000000d1c00000,0x00000000d1ce7c40,0x00000000d3a80000)
 PSPermGen       total 21504K, used 7451K [0x00000000cca00000, 0x00000000cdf00000, 0x00000000d1c00000)
  object space 21504K, 34% used [0x00000000cca00000,0x00000000cd146e78,0x00000000cdf00000)
}
Event: 5.108 GC heap before
{Heap before GC invocations=2 (full 0):
 PSYoungGen      total 14336K, used 14331K [0x00000000f0900000, 0x00000000f1880000, 0x0000000100000000)
  eden space 12800K, 100% used [0x00000000f0900000,0x00000000f1580000,0x00000000f1580000)
  from space 1536K, 99% used [0x00000000f1580000,0x00000000f16fef60,0x00000000f1700000)
  to   space 1536K, 0% used [0x00000000f1700000,0x00000000f1700000,0x00000000f1880000)
 ParOldGen       total 31232K, used 927K [0x00000000d1c00000, 0x00000000d3a80000, 0x00000000f0900000)
  object space 31232K, 2% used [0x00000000d1c00000,0x00000000d1ce7c40,0x00000000d3a80000)
 PSPermGen       total 21504K, used 10095K [0x00000000cca00000, 0x00000000cdf00000, 0x00000000d1c00000)
  object space 21504K, 46% used [0x00000000cca00000,0x00000000cd3dbd80,0x00000000cdf00000)
Event: 5.122 GC heap after
Heap after GC invocations=2 (full 0):
 PSYoungGen      total 14336K, used 1504K [0x00000000f0900000, 0x00000000f1880000, 0x0000000100000000)
  eden space 12800K, 0% used [0x00000000f0900000,0x00000000f0900000,0x00000000f1580000)
  from space 1536K, 97% used [0x00000000f1700000,0x00000000f1878048,0x00000000f1880000)
  to   space 1536K, 0% used [0x00000000f1580000,0x00000000f1580000,0x00000000f1700000)
 ParOldGen       total 31232K, used 2489K [0x00000000d1c00000, 0x00000000d3a80000, 0x00000000f0900000)
  object space 31232K, 7% used [0x00000000d1c00000,0x00000000d1e6e500,0x00000000d3a80000)
 PSPermGen       total 21504K, used 10095K [0x00000000cca00000, 0x00000000cdf00000, 0x00000000d1c00000)
  object space 21504K, 46% used [0x00000000cca00000,0x00000000cd3dbd80,0x00000000cdf00000)
}
Event: 6.510 GC heap before
{Heap before GC invocations=3 (full 0):
 PSYoungGen      total 14336K, used 12351K [0x00000000f0900000, 0x00000000f1880000, 0x0000000100000000)
  eden space 12800K, 84% used [0x00000000f0900000,0x00000000f1397e48,0x00000000f1580000)
  from space 1536K, 97% used [0x00000000f1700000,0x00000000f1878048,0x00000000f1880000)
  to   space 1536K, 0% used [0x00000000f1580000,0x00000000f1580000,0x00000000f1700000)
 ParOldGen       total 129024K, used 99769K [0x00000000d1c00000, 0x00000000d9a00000, 0x00000000f0900000)
  object space 129024K, 77% used [0x00000000d1c00000,0x00000000d7d6e510,0x00000000d9a00000)
 PSPermGen       total 21504K, used 11080K [0x00000000cca00000, 0x00000000cdf00000, 0x00000000d1c00000)
  object space 21504K, 51% used [0x00000000cca00000,0x00000000cd4d22f0,0x00000000cdf00000)
Event: 7.177 GC heap after
Heap after GC invocations=3 (full 0):
 PSYoungGen      total 14336K, used 1504K [0x00000000f0900000, 0x00000000f2500000, 0x0000000100000000)
  eden space 12800K, 0% used [0x00000000f0900000,0x00000000f0900000,0x00000000f1580000)
  from space 1536K, 97% used [0x00000000f1580000,0x00000000f16f8020,0x00000000f1700000)
  to   space 1536K, 0% used [0x00000000f2380000,0x00000000f2380000,0x00000000f2500000)
 ParOldGen       total 129024K, used 101876K [0x00000000d1c00000, 0x00000000d9a00000, 0x00000000f0900000)
  object space 129024K, 78% used [0x00000000d1c00000,0x00000000d7f7d248,0x00000000d9a00000)
 PSPermGen       total 21504K, used 11080K [0x00000000cca00000, 0x00000000cdf00000, 0x00000000d1c00000)
  object space 21504K, 51% used [0x00000000cca00000,0x00000000cd4d22f0,0x00000000cdf00000)
}
Event: 11.241 GC heap before
{Heap before GC invocations=4 (full 0):
 PSYoungGen      total 14336K, used 14304K [0x00000000f0900000, 0x00000000f2500000, 0x0000000100000000)
  eden space 12800K, 100% used [0x00000000f0900000,0x00000000f1580000,0x00000000f1580000)
  from space 1536K, 97% used [0x00000000f1580000,0x00000000f16f8020,0x00000000f1700000)
  to   space 1536K, 0% used [0x00000000f2380000,0x00000000f2380000,0x00000000f2500000)
 ParOldGen       total 129024K, used 101876K [0x00000000d1c00000, 0x00000000d9a00000, 0x00000000f0900000)
  object space 129024K, 78% used [0x00000000d1c00000,0x00000000d7f7d248,0x00000000d9a00000)
 PSPermGen       total 21504K, used 11229K [0x00000000cca00000, 0x00000000cdf00000, 0x00000000d1c00000)
  object space 21504K, 52% used [0x00000000cca00000,0x00000000cd4f75d8,0x00000000cdf00000)
Event: 11.251 GC heap after
Heap after GC invocations=4 (full 0):
 PSYoungGen      total 27136K, used 1520K [0x00000000f0900000, 0x00000000f2500000, 0x0000000100000000)
  eden space 25600K, 0% used [0x00000000f0900000,0x00000000f0900000,0x00000000f2200000)
  from space 1536K, 98% used [0x00000000f2380000,0x00000000f24fc010,0x00000000f2500000)
  to   space 1536K, 0% used [0x00000000f2200000,0x00000000f2200000,0x00000000f2380000)
 ParOldGen       total 129024K, used 105802K [0x00000000d1c00000, 0x00000000d9a00000, 0x00000000f0900000)
  object space 129024K, 82% used [0x00000000d1c00000,0x00000000d8352808,0x00000000d9a00000)
 PSPermGen       total 21504K, used 11229K [0x00000000cca00000, 0x00000000cdf00000, 0x00000000d1c00000)
  object space 21504K, 52% used [0x00000000cca00000,0x00000000cd4f75d8,0x00000000cdf00000)
}
Event: 15.634 GC heap before
{Heap before GC invocations=5 (full 0):
 PSYoungGen      total 27136K, used 27120K [0x00000000f0900000, 0x00000000f2500000, 0x0000000100000000)
  eden space 25600K, 100% used [0x00000000f0900000,0x00000000f2200000,0x00000000f2200000)
  from space 1536K, 98% used [0x00000000f2380000,0x00000000f24fc010,0x00000000f2500000)
  to   space 1536K, 0% used [0x00000000f2200000,0x00000000f2200000,0x00000000f2380000)
 ParOldGen       total 129024K, used 105802K [0x00000000d1c00000, 0x00000000d9a00000, 0x00000000f0900000)
  object space 129024K, 82% used [0x00000000d1c00000,0x00000000d8352808,0x00000000d9a00000)
 PSPermGen       total 21504K, used 11229K [0x00000000cca00000, 0x00000000cdf00000, 0x00000000d1c00000)
  object space 21504K, 52% used [0x00000000cca00000,0x00000000cd4f76b8,0x00000000cdf00000)

