# JRE version: Java(TM) SE Runtime Environment (7.0_67-b01) (build 1.7.0_67-b01)
# Java VM: Java HotSpot(TM) 64-Bit Server VM (24.65-b04 mixed mode linux-amd64 compressed oops)
Heap
 PSYoungGen      total 57344K, used 45301K [0x00000000f0900000, 0x00000000f6480000, 0x0000000100000000)
  eden space 50688K, 88% used [0x00000000f0900000,0x00000000f34cd5b0,0x00000000f3a80000)
  from space 6656K, 6% used [0x00000000f3a80000,0x00000000f3af0028,0x00000000f4100000)
  to   space 6144K, 0% used [0x00000000f5e80000,0x00000000f5e80000,0x00000000f6480000)
 ParOldGen       total 129024K, used 107361K [0x00000000d1c00000, 0x00000000d9a00000, 0x00000000f0900000)
  object space 129024K, 83% used [0x00000000d1c00000,0x00000000d84d8610,0x00000000d9a00000)
 PSPermGen       total 21504K, used 11686K [0x00000000cca00000, 0x00000000cdf00000, 0x00000000d1c00000)
  object space 21504K, 54% used [0x00000000cca00000,0x00000000cd569ad8,0x00000000cdf00000)
GC Heap History (10 events):
Event: 6.140 GC heap before
{Heap before GC invocations=5 (full 0):
 PSYoungGen      total 14336K, used 14320K [0x00000000f0900000, 0x00000000f2500000, 0x0000000100000000)
  eden space 12800K, 100% used [0x00000000f0900000,0x00000000f1580000,0x00000000f1580000)
  from space 1536K, 98% used [0x00000000f1700000,0x00000000f187c010,0x00000000f1880000)
  to   space 1536K, 0% used [0x00000000f1580000,0x00000000f1580000,0x00000000f1700000)
 ParOldGen       total 129024K, used 105837K [0x00000000d1c00000, 0x00000000d9a00000, 0x00000000f0900000)
  object space 129024K, 82% used [0x00000000d1c00000,0x00000000d835b7a0,0x00000000d9a00000)
 PSPermGen       total 21504K, used 11225K [0x00000000cca00000, 0x00000000cdf00000, 0x00000000d1c00000)
  object space 21504K, 52% used [0x00000000cca00000,0x00000000cd4f65f8,0x00000000cdf00000)
Event: 6.147 GC heap after
Heap after GC invocations=5 (full 0):
 PSYoungGen      total 14336K, used 1520K [0x00000000f0900000, 0x00000000f2e00000, 0x0000000100000000)
  eden space 12800K, 0% used [0x00000000f0900000,0x00000000f0900000,0x00000000f1580000)
  from space 1536K, 98% used [0x00000000f1580000,0x00000000f16fc010,0x00000000f1700000)
  to   space 6144K, 0% used [0x00000000f2800000,0x00000000f2800000,0x00000000f2e00000)
 ParOldGen       total 129024K, used 105853K [0x00000000d1c00000, 0x00000000d9a00000, 0x00000000f0900000)
  object space 129024K, 82% used [0x00000000d1c00000,0x00000000d835f7a0,0x00000000d9a00000)
 PSPermGen       total 21504K, used 11225K [0x00000000cca00000, 0x00000000cdf00000, 0x00000000d1c00000)
  object space 21504K, 52% used [0x00000000cca00000,0x00000000cd4f65f8,0x00000000cdf00000)
}
Event: 6.221 GC heap before
{Heap before GC invocations=6 (full 0):
 PSYoungGen      total 14336K, used 14320K [0x00000000f0900000, 0x00000000f2e00000, 0x0000000100000000)
  eden space 12800K, 100% used [0x00000000f0900000,0x00000000f1580000,0x00000000f1580000)
  from space 1536K, 98% used [0x00000000f1580000,0x00000000f16fc010,0x00000000f1700000)
  to   space 6144K, 0% used [0x00000000f2800000,0x00000000f2800000,0x00000000f2e00000)
 ParOldGen       total 129024K, used 105853K [0x00000000d1c00000, 0x00000000d9a00000, 0x00000000f0900000)
  object space 129024K, 82% used [0x00000000d1c00000,0x00000000d835f7a0,0x00000000d9a00000)
 PSPermGen       total 21504K, used 11225K [0x00000000cca00000, 0x00000000cdf00000, 0x00000000d1c00000)
  object space 21504K, 52% used [0x00000000cca00000,0x00000000cd4f65f8,0x00000000cdf00000)
Event: 6.228 GC heap after
Heap after GC invocations=6 (full 0):
 PSYoungGen      total 31744K, used 1520K [0x00000000f0900000, 0x00000000f2e00000, 0x0000000100000000)
  eden space 25600K, 0% used [0x00000000f0900000,0x00000000f0900000,0x00000000f2200000)
  from space 6144K, 24% used [0x00000000f2800000,0x00000000f297c030,0x00000000f2e00000)
  to   space 6144K, 0% used [0x00000000f2200000,0x00000000f2200000,0x00000000f2800000)
 ParOldGen       total 129024K, used 105853K [0x00000000d1c00000, 0x00000000d9a00000, 0x00000000f0900000)
  object space 129024K, 82% used [0x00000000d1c00000,0x00000000d835f7a0,0x00000000d9a00000)
 PSPermGen       total 21504K, used 11225K [0x00000000cca00000, 0x00000000cdf00000, 0x00000000d1c00000)
  object space 21504K, 52% used [0x00000000cca00000,0x00000000cd4f65f8,0x00000000cdf00000)
}
Event: 6.308 GC heap before
{Heap before GC invocations=7 (full 0):
 PSYoungGen      total 31744K, used 27120K [0x00000000f0900000, 0x00000000f2e00000, 0x0000000100000000)
  eden space 25600K, 100% used [0x00000000f0900000,0x00000000f2200000,0x00000000f2200000)
  from space 6144K, 24% used [0x00000000f2800000,0x00000000f297c030,0x00000000f2e00000)
  to   space 6144K, 0% used [0x00000000f2200000,0x00000000f2200000,0x00000000f2800000)
 ParOldGen       total 129024K, used 105853K [0x00000000d1c00000, 0x00000000d9a00000, 0x00000000f0900000)
  object space 129024K, 82% used [0x00000000d1c00000,0x00000000d835f7a0,0x00000000d9a00000)
 PSPermGen       total 21504K, used 11225K [0x00000000cca00000, 0x00000000cdf00000, 0x00000000d1c00000)
  object space 21504K, 52% used [0x00000000cca00000,0x00000000cd4f6750,0x00000000cdf00000)
Event: 6.315 GC heap after
Heap after GC invocations=7 (full 0):
 PSYoungGen      total 31744K, used 320K [0x00000000f0900000, 0x00000000f4700000, 0x0000000100000000)
  eden space 25600K, 0% used [0x00000000f0900000,0x00000000f0900000,0x00000000f2200000)
  from space 6144K, 5% used [0x00000000f2200000,0x00000000f2250000,0x00000000f2800000)
  to   space 6144K, 0% used [0x00000000f4100000,0x00000000f4100000,0x00000000f4700000)
 ParOldGen       total 129024K, used 107061K [0x00000000d1c00000, 0x00000000d9a00000, 0x00000000f0900000)
  object space 129024K, 82% used [0x00000000d1c00000,0x00000000d848d600,0x00000000d9a00000)
 PSPermGen       total 21504K, used 11225K [0x00000000cca00000, 0x00000000cdf00000, 0x00000000d1c00000)
  object space 21504K, 52% used [0x00000000cca00000,0x00000000cd4f6750,0x00000000cdf00000)
}
Event: 6.355 GC heap before
{Heap before GC invocations=8 (full 0):
 PSYoungGen      total 31744K, used 25920K [0x00000000f0900000, 0x00000000f4700000, 0x0000000100000000)
  eden space 25600K, 100% used [0x00000000f0900000,0x00000000f2200000,0x00000000f2200000)
  from space 6144K, 5% used [0x00000000f2200000,0x00000000f2250000,0x00000000f2800000)
  to   space 6144K, 0% used [0x00000000f4100000,0x00000000f4100000,0x00000000f4700000)
 ParOldGen       total 129024K, used 107061K [0x00000000d1c00000, 0x00000000d9a00000, 0x00000000f0900000)
  object space 129024K, 82% used [0x00000000d1c00000,0x00000000d848d600,0x00000000d9a00000)
 PSPermGen       total 21504K, used 11227K [0x00000000cca00000, 0x00000000cdf00000, 0x00000000d1c00000)
  object space 21504K, 52% used [0x00000000cca00000,0x00000000cd4f6d20,0x00000000cdf00000)
Event: 6.360 GC heap after
Heap after GC invocations=8 (full 0):
 PSYoungGen      total 56832K, used 32K [0x00000000f0900000, 0x00000000f4800000, 0x0000000100000000)
  eden space 50688K, 0% used [0x00000000f0900000,0x00000000f0900000,0x00000000f3a80000)
  from space 6144K, 0% used [0x00000000f4100000,0x00000000f4108000,0x00000000f4700000)
  to   space 6656K, 0% used [0x00000000f3a80000,0x00000000f3a80000,0x00000000f4100000)
 ParOldGen       total 129024K, used 107353K [0x00000000d1c00000, 0x00000000d9a00000, 0x00000000f0900000)
  object space 129024K, 83% used [0x00000000d1c00000,0x00000000d84d6610,0x00000000d9a00000)
 PSPermGen       total 21504K, used 11227K [0x00000000cca00000, 0x00000000cdf00000, 0x00000000d1c00000)
  object space 21504K, 52% used [0x00000000cca00000,0x00000000cd4f6d20,0x00000000cdf00000)
}
Event: 7.589 GC heap before
{Heap before GC invocations=9 (full 0):
 PSYoungGen      total 56832K, used 50720K [0x00000000f0900000, 0x00000000f4800000, 0x0000000100000000)
  eden space 50688K, 100% used [0x00000000f0900000,0x00000000f3a80000,0x00000000f3a80000)
  from space 6144K, 0% used [0x00000000f4100000,0x00000000f4108000,0x00000000f4700000)
  to   space 6656K, 0% used [0x00000000f3a80000,0x00000000f3a80000,0x00000000f4100000)
 ParOldGen       total 129024K, used 107353K [0x00000000d1c00000, 0x00000000d9a00000, 0x00000000f0900000)
  object space 129024K, 83% used [0x00000000d1c00000,0x00000000d84d6610,0x00000000d9a00000)
 PSPermGen       total 21504K, used 11530K [0x00000000cca00000, 0x00000000cdf00000, 0x00000000d1c00000)
  object space 21504K, 53% used [0x00000000cca00000,0x00000000cd542b38,0x00000000cdf00000)
Event: 7.593 GC heap after
Heap after GC invocations=9 (full 0):
 PSYoungGen      total 57344K, used 448K [0x00000000f0900000, 0x00000000f6480000, 0x0000000100000000)
  eden space 50688K, 0% used [0x00000000f0900000,0x00000000f0900000,0x00000000f3a80000)
  from space 6656K, 6% used [0x00000000f3a80000,0x00000000f3af0028,0x00000000f4100000)
  to   space 6144K, 0% used [0x00000000f5e80000,0x00000000f5e80000,0x00000000f6480000)
 ParOldGen       total 129024K, used 107361K [0x00000000d1c00000, 0x00000000d9a00000, 0x00000000f0900000)
  object space 129024K, 83% used [0x00000000d1c00000,0x00000000d84d8610,0x00000000d9a00000)
 PSPermGen       total 21504K, used 11530K [0x00000000cca00000, 0x00000000cdf00000, 0x00000000d1c00000)
  object space 21504K, 53% used [0x00000000cca00000,0x00000000cd542b38,0x00000000cdf00000)
}

